#
# There is insufficient memory for the Java Runtime Environment to continue.
# Native memory allocation (mmap) failed to map 199229440 bytes for G1 virtual space
# Possible reasons:
#   The system is out of physical RAM or swap space
#   The process is running with CompressedOops enabled, and the Java Heap may be blocking the growth of the native heap
# Possible solutions:
#   Reduce memory load on the system
#   Increase physical memory or swap space
#   Check if swap backing store is full
#   Decrease Java heap size (-Xmx/-Xms)
#   Decrease number of Java threads
#   Decrease Java thread stack sizes (-Xss)
#   Set larger code cache with -XX:ReservedCodeCacheSize=
#   JVM is running with Zero Based Compressed Oops mode in which the Java heap is
#     placed in the first 32GB address space. The Java Heap base address is the
#     maximum limit for the native heap growth. Please use -XX:HeapBaseMinAddress
#     to set the Java Heap base and to place the Java Heap above 32GB virtual address.
# This output file may be truncated or incomplete.
#
#  Out of Memory Error (os_windows.cpp:3559), pid=23476, tid=16552
#
# JRE version:  (17.0.7+7) (build )
# Java VM: OpenJDK 64-Bit Server VM (17.0.7+7-LTS, mixed mode, sharing, tiered, compressed oops, compressed class ptrs, g1 gc, windows-amd64)
# No core dump will be written. Minidumps are not enabled by default on client versions of Windows
#

---------------  S U M M A R Y ------------

Command Line: org.jetbrains.kotlin.cli.jvm.K2JVMCompiler @C:\Users\user\AndroidStudioProjects\Pitjarus\TokoApp\app\build\20230804_13592815475953728660.compiler.options

Host: Intel(R) Core(TM) i5-8300H CPU @ 2.30GHz, 8 cores, 11G,  Windows 11 , 64 bit Build 22621 (10.0.22621.1928)
Time: Fri Aug  4 21:46:34 2023 SE Asia Standard Time elapsed time: 0.009714 seconds (0d 0h 0m 0s)

---------------  T H R E A D  ---------------

Current thread (0x00000207d45aac50):  JavaThread "Unknown thread" [_thread_in_vm, id=16552, stack(0x000000e9f0400000,0x000000e9f0500000)]

Stack: [0x000000e9f0400000,0x000000e9f0500000]
Native frames: (J=compiled Java code, j=interpreted, Vv=VM code, C=native code)
V  [jvm.dll+0x67c77a]
V  [jvm.dll+0x83a0b4]
V  [jvm.dll+0x83b85e]
V  [jvm.dll+0x83bec3]
V  [jvm.dll+0x24a5af]
V  [jvm.dll+0x679649]
V  [jvm.dll+0x66deda]
V  [jvm.dll+0x309ccb]
V  [jvm.dll+0x311176]
V  [jvm.dll+0x3612fe]
V  [jvm.dll+0x36152f]
V  [jvm.dll+0x2e0c28]
V  [jvm.dll+0x2e1b94]
V  [jvm.dll+0x80c0a1]
V  [jvm.dll+0x36f0c1]
V  [jvm.dll+0x7eb5ac]
V  [jvm.dll+0x3f1d4f]
V  [jvm.dll+0x3f3881]
C  [jli.dll+0x532f]
C  [ucrtbase.dll+0x29363]
C  [KERNEL32.DLL+0x126ad]
C  [ntdll.dll+0x5aa68]


---------------  P R O C E S S  ---------------

Threads class SMR info:
_java_thread_list=0x00007ff989513098, length=0, elements={
}

Java Threads: ( => current thread )

Other Threads:
  0x00000207d4604cf0 GCTaskThread "GC Thread#0" [stack: 0x000000e9f0500000,0x000000e9f0600000] [id=27944]
  0x00000207d4611b30 ConcurrentGCThread "G1 Main Marker" [stack: 0x000000e9f0600000,0x000000e9f0700000] [id=7292]
  0x00000207d4612ce0 ConcurrentGCThread "G1 Conc#0" [stack: 0x000000e9f0700000,0x000000e9f0800000] [id=12328]

[error occurred during error reporting (printing all threads), id 0xc0000005, EXCEPTION_ACCESS_VIOLATION (0xc0000005) at pc=0x00007ff988cd1627]

VM state: not at safepoint (not fully initialized)

VM Mutex/Monitor currently owned by a thread:  ([mutex/lock_event])
[0x00000207d45a6a50] Heap_lock - owner thread: 0x00000207d45aac50

Heap address: 0x0000000742600000, size: 3034 MB, Compressed Oops mode: Zero based, Oop shift amount: 3

CDS archive(s) mapped at: [0x0000000000000000-0x0000000000000000-0x0000000000000000), size 0, SharedBaseAddress: 0x0000000800000000, ArchiveRelocationMode: 0.
Narrow klass base: 0x0000000000000000, Narrow klass shift: 0, Narrow klass range: 0x0

GC Precious Log:
<Empty>

Heap:
 garbage-first heap   total 0K, used 0K [0x0000000742600000, 0x0000000800000000)
  region size 2048K, 0 young (0K), 0 survivors (0K)

[error occurred during error reporting (printing heap information), id 0xc0000005, EXCEPTION_ACCESS_VIOLATION (0xc0000005) at pc=0x00007ff9890b6119]

GC Heap History (0 events):
No events

Dll operation events (1 events):
Event: 0.006 Loaded shared library C:\Users\user\.jdks\azul-17.0.7\bin\java.dll

Deoptimization events (0 events):
No events

Classes unloaded (0 events):
No events

Classes redefined (0 events):
No events

Internal exceptions (0 events):
No events

VM Operations (0 events):
No events

Events (0 events):
No events


Dynamic libraries:
0x00007ff7d3620000 - 0x00007ff7d362e000 	C:\Users\user\.jdks\azul-17.0.7\bin\java.exe
0x00007ffa2def0000 - 0x00007ffa2e104000 	C:\WINDOWS\SYSTEM32\ntdll.dll
0x00007ffa2d600000 - 0x00007ffa2d6c2000 	C:\WINDOWS\System32\KERNEL32.DLL
0x00007ffa2b490000 - 0x00007ffa2b833000 	C:\WINDOWS\System32\KERNELBASE.dll
0x00007ffa2ba70000 - 0x00007ffa2bb81000 	C:\WINDOWS\System32\ucrtbase.dll
0x00007ffa15440000 - 0x00007ffa15459000 	C:\Users\user\.jdks\azul-17.0.7\bin\jli.dll
0x00007ffa15350000 - 0x00007ffa1536b000 	C:\Users\user\.jdks\azul-17.0.7\bin\VCRUNTIME140.dll
0x00007ffa2cde0000 - 0x00007ffa2cf8a000 	C:\WINDOWS\System32\USER32.dll
0x00007ffa2b2f0000 - 0x00007ffa2b316000 	C:\WINDOWS\System32\win32u.dll
0x00007ffa19fd0000 - 0x00007ffa1a25e000 	C:\WINDOWS\WinSxS\amd64_microsoft.windows.common-controls_6595b64144ccf1df_6.0.22621.1635_none_270f70857386168e\COMCTL32.dll
0x00007ffa2d5d0000 - 0x00007ffa2d5f9000 	C:\WINDOWS\System32\GDI32.dll
0x00007ffa2cb70000 - 0x00007ffa2cc17000 	C:\WINDOWS\System32\msvcrt.dll
0x00007ffa2b950000 - 0x00007ffa2ba69000 	C:\WINDOWS\System32\gdi32full.dll
0x00007ffa2b8b0000 - 0x00007ffa2b94a000 	C:\WINDOWS\System32\msvcp_win.dll
0x00007ffa2bcd0000 - 0x00007ffa2bd01000 	C:\WINDOWS\System32\IMM32.DLL
0x00007ffa15500000 - 0x00007ffa1550c000 	C:\Users\user\.jdks\azul-17.0.7\bin\vcruntime140_1.dll
0x00007ff9e0c60000 - 0x00007ff9e0ced000 	C:\Users\user\.jdks\azul-17.0.7\bin\msvcp140.dll
0x00007ff9889e0000 - 0x00007ff989645000 	C:\Users\user\.jdks\azul-17.0.7\bin\server\jvm.dll
0x00007ffa2d7b0000 - 0x00007ffa2d85e000 	C:\WINDOWS\System32\ADVAPI32.dll
0x00007ffa2de00000 - 0x00007ffa2dea4000 	C:\WINDOWS\System32\sechost.dll
0x00007ffa2dce0000 - 0x00007ffa2ddf7000 	C:\WINDOWS\System32\RPCRT4.dll
0x00007ffa10870000 - 0x00007ffa10879000 	C:\WINDOWS\SYSTEM32\WSOCK32.dll
0x00007ffa230c0000 - 0x00007ffa230f4000 	C:\WINDOWS\SYSTEM32\WINMM.dll
0x00007ffa20290000 - 0x00007ffa2029a000 	C:\WINDOWS\SYSTEM32\VERSION.dll
0x00007ffa2bd10000 - 0x00007ffa2bd81000 	C:\WINDOWS\System32\WS2_32.dll
0x00007ffa2a3e0000 - 0x00007ffa2a3f8000 	C:\WINDOWS\SYSTEM32\kernel.appcore.dll
0x00007ffa15340000 - 0x00007ffa1534a000 	C:\Users\user\.jdks\azul-17.0.7\bin\jimage.dll
0x00007ffa0eb60000 - 0x00007ffa0ed8e000 	C:\WINDOWS\SYSTEM32\DBGHELP.DLL
0x00007ffa2cfa0000 - 0x00007ffa2d329000 	C:\WINDOWS\System32\combase.dll
0x00007ffa2d4e0000 - 0x00007ffa2d5b7000 	C:\WINDOWS\System32\OLEAUT32.dll
0x00007ffa0e810000 - 0x00007ffa0e842000 	C:\WINDOWS\SYSTEM32\dbgcore.DLL
0x00007ffa2bc50000 - 0x00007ffa2bcca000 	C:\WINDOWS\System32\bcryptPrimitives.dll
0x00007ffa15190000 - 0x00007ffa151b5000 	C:\Users\user\.jdks\azul-17.0.7\bin\java.dll

dbghelp: loaded successfully - version: 4.0.5 - missing functions: none
symbol engine: initialized successfully - sym options: 0x614 - pdb path: .;C:\Users\user\.jdks\azul-17.0.7\bin;C:\WINDOWS\SYSTEM32;C:\WINDOWS\WinSxS\amd64_microsoft.windows.common-controls_6595b64144ccf1df_6.0.22621.1635_none_270f70857386168e;C:\Users\user\.jdks\azul-17.0.7\bin\server

VM Arguments:
java_command: org.jetbrains.kotlin.cli.jvm.K2JVMCompiler @C:\Users\user\AndroidStudioProjects\Pitjarus\TokoApp\app\build\20230804_13592815475953728660.compiler.options
java_class_path (initial): C:\Users\user\.gradle\caches\modules-2\files-2.1\org.jetbrains.kotlin\kotlin-compiler-embeddable\1.8.20\78d9baa57f65babf9e0a93e51f62f26f5f35ac3e\kotlin-compiler-embeddable-1.8.20.jar;C:\Users\user\.gradle\caches\modules-2\files-2.1\org.jetbrains.kotlin\kotlin-stdlib\1.8.20\e72fc5e03ec6c064c678a6bd0d955c88d55b0c4a\kotlin-stdlib-1.8.20.jar;C:\Users\user\.gradle\caches\modules-2\files-2.1\org.jetbrains.kotlin\kotlin-script-runtime\1.8.20\c850771e723701f9d63dbcf641429c0f29290074\kotlin-script-runtime-1.8.20.jar;C:\Users\user\.gradle\caches\modules-2\files-2.1\org.jetbrains.kotlin\kotlin-reflect\1.6.10\1cbe9c92c12a94eea200d23c2bbaedaf3daf5132\kotlin-reflect-1.6.10.jar;C:\Users\user\.gradle\caches\modules-2\files-2.1\org.jetbrains.kotlin\kotlin-daemon-embeddable\1.8.20\c1b808fbe5fee60bd0504a54778120ef40f383d4\kotlin-daemon-embeddable-1.8.20.jar;C:\Users\user\.gradle\caches\modules-2\files-2.1\org.jetbrains.intellij.deps\trove4j\1.0.20200330\3afb14d5f9ceb459d724e907a21145e8ff394f02\trove4j-1.0.20200330.jar;C:\Users\user\.gradle\caches\modules-2\files-2.1\net.java.dev.jna\jna\5.6.0\330f2244e9030119ab3030fc3fededc86713d9cc\jna-5.6.0.jar;C:\Users\user\.gradle\caches\modules-2\files-2.1\org.jetbrains.kotlin\kotlin-stdlib-common\1.8.20\5eddaaf234c8c49d03eebeb6a14feb7f90faca71\kotlin-stdlib-common-1.8.20.jar;C:\Users\user\.gradle\caches\modules-2\files-2.1\org.jetbrains\annotations\13.0\919f0dfe192fb4e063e7dacadee7f8bb9a2672a9\annotations-13.0.jar
Launcher Type: SUN_STANDARD

[Global flags]
     intx CICompilerCount                          = 4                                         {product} {ergonomic}
     uint ConcGCThreads                            = 2                                         {product} {ergonomic}
     uint G1ConcRefinementThreads                  = 8                                         {product} {ergonomic}
   size_t G1HeapRegionSize                         = 2097152                                   {product} {ergonomic}
    uintx GCDrainStackTargetSize                   = 64                                        {product} {ergonomic}
   size_t InitialHeapSize                          = 199229440                                 {product} {ergonomic}
   size_t MarkStackSize                            = 4194304                                   {product} {ergonomic}
   size_t MaxHeapSize                              = 3181379584                                {product} {ergonomic}
   size_t MinHeapDeltaBytes                        = 2097152                                   {product} {ergonomic}
   size_t MinHeapSize                              = 8388608                                   {product} {ergonomic}
    uintx NonNMethodCodeHeapSize                   = 5839372                                {pd product} {ergonomic}
    uintx NonProfiledCodeHeapSize                  = 122909434                              {pd product} {ergonomic}
    uintx ProfiledCodeHeapSize                     = 122909434                              {pd product} {ergonomic}
    uintx ReservedCodeCacheSize                    = 251658240                              {pd product} {ergonomic}
     bool SegmentedCodeCache                       = true                                      {product} {ergonomic}
   size_t SoftMaxHeapSize                          = 3181379584                             {manageable} {ergonomic}
     bool UseCompressedClassPointers               = true                           {product lp64_product} {ergonomic}
     bool UseCompressedOops                        = true                           {product lp64_product} {ergonomic}
     bool UseG1GC                                  = true                                      {product} {ergonomic}
     bool UseLargePagesIndividualAllocation        = false                                  {pd product} {ergonomic}

Logging:
Log output configuration:
 #0: stdout all=warning uptime,level,tags
 #1: stderr all=off uptime,level,tags

Environment Variables:
JAVA_HOME=C:\Program Files\Java\jdk-11.0.14
PATH=C:\Program Files\Common Files\Oracle\Java\javapath;C:\ProgramData\Oracle\Java\javapath;C:\Program Files (x86)\Intel\Intel(R) Management Engine Components\iCLS\;C:\Program Files\Intel\Intel(R) Management Engine Components\iCLS\;C:\Windows\system32;C:\Windows;C:\Windows\System32\Wbem;C:\Windows\System32\WindowsPowerShell\v1.0\;C:\Windows\System32\OpenSSH\;C:\Program Files (x86)\NVIDIA Corporation\PhysX\Common;C:\Program Files\Intel\WiFi\bin\;C:\Program Files\Common Files\Intel\WirelessCommon\;C:\Program Files (x86)\Intel\Intel(R) Management Engine Components\DAL;C:\Program Files\Intel\Intel(R) Management Engine Components\DAL;C:\Program Files (x86)\Intel\Intel(R) Management Engine Components\IPT;C:\Program Files\Intel\Intel(R) Management Engine Components\IPT;C:\WINDOWS\system32;C:\WINDOWS;C:\WINDOWS\System32\Wbem;C:\WINDOWS\System32\WindowsPowerShell\v1.0\;C:\WINDOWS\System32\OpenSSH\;C:\Program Files\Java\jdk-13.0.2\bin;C:\Program Files\Java\jdk-15.0.2\bin;C:\Program Files\Java\jdk1.8.0_111\bin;C:\WINDOWS\system32;C:\WINDOWS;C:\WINDOWS\System32\Wbem;C:\WINDOWS\System32\WindowsPowerShell\v1.0\;C:\WINDOWS\System32\OpenSSH\;C:\Program Files\Gradle\gradle-6.6\bin;C:\Program Files\Git\cmd;C:\Users\user\AppData\Local\Android\Sdk\platform-tools;C:\Program Files\Microsoft SQL Server\150\Tools\Binn\;C:\Program Files\Microsoft SQL Server\Client SDK\ODBC\170\Tools\Binn\;C:\Program Files\dotnet\;C:\Users\user\AppData\Local\Microsoft\WindowsApps;C:\Users\user\AppData\Local\GitHubDesktop\bin;C:\Users\user\AppData\Local\Programs\Microsoft VS Code\bin;C:\Users\user\FlutterDeveloper\flutter\bin;C:\Users\user\.dotnet\tools;
USERNAME=user
OS=Windows_NT
PROCESSOR_IDENTIFIER=Intel64 Family 6 Model 158 Stepping 10, GenuineIntel
TMP=C:\Users\user\AppData\Local\Temp
TEMP=C:\Users\user\AppData\Local\Temp



---------------  S Y S T E M  ---------------

OS:
 Windows 11 , 64 bit Build 22621 (10.0.22621.1928)
OS uptime: 1 days 13:09 hours
Hyper-V role detected

CPU: total 8 (initial active 8) (4 cores per cpu, 2 threads per core) family 6 model 158 stepping 10 microcode 0xde, cx8, cmov, fxsr, ht, mmx, 3dnowpref, sse, sse2, sse3, ssse3, sse4.1, sse4.2, popcnt, lzcnt, tsc, tscinvbit, avx, avx2, aes, erms, clmul, bmi1, bmi2, adx, fma, vzeroupper, clflush, clflushopt, hv

Memory: 4k page, system-wide physical 12135M (615M free)
TotalPageFile size 22135M (AvailPageFile size 136M)
current process WorkingSet (physical memory assigned to process): 11M, peak: 11M
current process commit charge ("private bytes"): 60M, peak: 250M

vm_info: OpenJDK 64-Bit Server VM (17.0.7+7-LTS) for windows-amd64 JRE (17.0.7+7-LTS) (Zulu17.42+19-CA), built on Apr 10 2023 13:02:30 by "zulu_re" with MS VC++ 16.10 / 16.11 (VS2019)

END.
