#
# There is insufficient memory for the Java Runtime Environment to continue.
# Native memory allocation (malloc) failed to allocate 727696 bytes for Chunk::new
# Possible reasons:
#   The system is out of physical RAM or swap space
#   The process is running with CompressedOops enabled, and the Java Heap may be blocking the growth of the native heap
# Possible solutions:
#   Reduce memory load on the system
#   Increase physical memory or swap space
#   Check if swap backing store is full
#   Decrease Java heap size (-Xmx/-Xms)
#   Decrease number of Java threads
#   Decrease Java thread stack sizes (-Xss)
#   Set larger code cache with -XX:ReservedCodeCacheSize=
#   JVM is running with Zero Based Compressed Oops mode in which the Java heap is
#     placed in the first 32GB address space. The Java Heap base address is the
#     maximum limit for the native heap growth. Please use -XX:HeapBaseMinAddress
#     to set the Java Heap base and to place the Java Heap above 32GB virtual address.
# This output file may be truncated or incomplete.
#
#  Out of Memory Error (./open/src/hotspot/share/memory/arena.cpp:197), pid=21092, tid=3916
#
# JRE version: Java(TM) SE Runtime Environment 18.9 (11.0.14+8) (build 11.0.14+8-LTS-263)
# Java VM: Java HotSpot(TM) 64-Bit Server VM 18.9 (11.0.14+8-LTS-263, mixed mode, tiered, compressed oops, g1 gc, windows-amd64)
# No core dump will be written. Minidumps are not enabled by default on client versions of Windows
#

---------------  S U M M A R Y ------------

Command Line: org.jetbrains.kotlin.cli.jvm.K2JVMCompiler @C:\Users\user\AndroidStudioProjects\Pitjarus\TokoApp\app\build\20230806_14537545702607930374.compiler.options

Host: Intel(R) Core(TM) i5-8300H CPU @ 2.30GHz, 8 cores, 11G,  Windows 11 , 64 bit Build 22621 (10.0.22621.1928)
Time: Sun Aug  6 15:47:10 2023 SE Asia Standard Time elapsed time: 1.681548 seconds (0d 0h 0m 1s)

---------------  T H R E A D  ---------------

Current thread (0x000002903030a800):  JavaThread "C2 CompilerThread1" daemon [_thread_in_native, id=3916, stack(0x00000091e1100000,0x00000091e1200000)]


Current CompileTask:
C2:   1681 2107   !   4       jdk.internal.loader.BuiltinClassLoader::loadClassOrNull (143 bytes)

Stack: [0x00000091e1100000,0x00000091e1200000]
Native frames: (J=compiled Java code, j=interpreted, Vv=VM code, C=native code)
V  [jvm.dll+0x6296da]
V  [jvm.dll+0x76323f]
V  [jvm.dll+0x7648e9]
V  [jvm.dll+0x764f73]
V  [jvm.dll+0x23d7c8]
V  [jvm.dll+0xb297c]
V  [jvm.dll+0xb2f3c]
V  [jvm.dll+0x2ae594]
V  [jvm.dll+0x53cec6]
V  [jvm.dll+0x1f9d75]
V  [jvm.dll+0x1f742d]
V  [jvm.dll+0x177b21]
V  [jvm.dll+0x206e26]
V  [jvm.dll+0x204fbb]
V  [jvm.dll+0x729170]
V  [jvm.dll+0x721d44]
V  [jvm.dll+0x6285d6]
C  [ucrtbase.dll+0x29363]
C  [KERNEL32.DLL+0x126ad]
C  [ntdll.dll+0x5aa68]


---------------  P R O C E S S  ---------------

Threads class SMR info:
_java_thread_list=0x0000029031b9b790, length=12, elements={
0x000002900d43a800, 0x00000290300f4800, 0x00000290300f6000, 0x0000029030185800,
0x0000029030188000, 0x0000029030189000, 0x000002903018a000, 0x000002903018b800,
0x0000029030133000, 0x0000029030312800, 0x000002903030a800, 0x0000029031787000
}

Java Threads: ( => current thread )
  0x000002900d43a800 JavaThread "main" [_thread_in_vm, id=17652, stack(0x00000091e0000000,0x00000091e0100000)]
  0x00000290300f4800 JavaThread "Reference Handler" daemon [_thread_blocked, id=20004, stack(0x00000091e0700000,0x00000091e0800000)]
  0x00000290300f6000 JavaThread "Finalizer" daemon [_thread_blocked, id=7444, stack(0x00000091e0800000,0x00000091e0900000)]
  0x0000029030185800 JavaThread "Signal Dispatcher" daemon [_thread_blocked, id=11700, stack(0x00000091e0900000,0x00000091e0a00000)]
  0x0000029030188000 JavaThread "Attach Listener" daemon [_thread_blocked, id=5356, stack(0x00000091e0a00000,0x00000091e0b00000)]
  0x0000029030189000 JavaThread "Service Thread" daemon [_thread_blocked, id=10696, stack(0x00000091e0b00000,0x00000091e0c00000)]
  0x000002903018a000 JavaThread "C2 CompilerThread0" daemon [_thread_blocked, id=9476, stack(0x00000091e0c00000,0x00000091e0d00000)]
  0x000002903018b800 JavaThread "C1 CompilerThread0" daemon [_thread_blocked, id=10424, stack(0x00000091e0d00000,0x00000091e0e00000)]
  0x0000029030133000 JavaThread "Sweeper thread" daemon [_thread_blocked, id=13472, stack(0x00000091e0e00000,0x00000091e0f00000)]
  0x0000029030312800 JavaThread "Common-Cleaner" daemon [_thread_blocked, id=24064, stack(0x00000091e1000000,0x00000091e1100000)]
=>0x000002903030a800 JavaThread "C2 CompilerThread1" daemon [_thread_in_native, id=3916, stack(0x00000091e1100000,0x00000091e1200000)]
  0x0000029031787000 JavaThread "C2 CompilerThread2" daemon [_thread_blocked, id=16304, stack(0x00000091e1600000,0x00000091e1700000)]

Other Threads:
  0x000002902f8ee800 VMThread "VM Thread" [stack: 0x00000091e0600000,0x00000091e0700000] [id=3260]
  0x0000029030312000 WatcherThread [stack: 0x00000091e0f00000,0x00000091e1000000] [id=7220]
  0x000002900d44a800 GCTaskThread "GC Thread#0" [stack: 0x00000091e0100000,0x00000091e0200000] [id=1700]
  0x0000029030904000 GCTaskThread "GC Thread#1" [stack: 0x00000091e1200000,0x00000091e1300000] [id=7696]
  0x00000290309f5000 GCTaskThread "GC Thread#2" [stack: 0x00000091e1300000,0x00000091e1400000] [id=24352]
  0x0000029030b32800 GCTaskThread "GC Thread#3" [stack: 0x00000091e1400000,0x00000091e1500000] [id=21216]
  0x000002900d492800 ConcurrentGCThread "G1 Main Marker" [stack: 0x00000091e0200000,0x00000091e0300000] [id=20816]
  0x000002900d494800 ConcurrentGCThread "G1 Conc#0" [stack: 0x00000091e0300000,0x00000091e0400000] [id=6636]
  0x00000290318c4800 ConcurrentGCThread "G1 Conc#1" [stack: 0x00000091e1500000,0x00000091e1600000] [id=9804]
  0x000002902f758800 ConcurrentGCThread "G1 Refine#0" [stack: 0x00000091e0400000,0x00000091e0500000] [id=8208]
  0x000002902f75b800 ConcurrentGCThread "G1 Young RemSet Sampling" [stack: 0x00000091e0500000,0x00000091e0600000] [id=6876]

Threads with active compile tasks:
C2 CompilerThread1   1700 2107   !   4       jdk.internal.loader.BuiltinClassLoader::loadClassOrNull (143 bytes)

VM state:not at safepoint (normal execution)

VM Mutex/Monitor currently owned by a thread: None

Heap address: 0x0000000742600000, size: 3034 MB, Compressed Oops mode: Zero based, Oop shift amount: 3
Narrow klass base: 0x0000000800000000, Narrow klass shift: 0
Compressed class space size: 1073741824 Address: 0x0000000800000000

Heap:
 garbage-first heap   total 194560K, used 44586K [0x0000000742600000, 0x0000000800000000)
  region size 1024K, 37 young (37888K), 7 survivors (7168K)
 Metaspace       used 29330K, capacity 29817K, committed 30128K, reserved 1075200K
  class space    used 3332K, capacity 3519K, committed 3584K, reserved 1048576K
Heap Regions: E=young(eden), S=young(survivor), O=old, HS=humongous(starts), HC=humongous(continues), CS=collection set, F=free, A=archive, TAMS=top-at-mark-start (previous, next)
|   0|0x0000000742600000, 0x0000000742700000, 0x0000000742700000|100%|HS|  |TAMS 0x0000000742700000, 0x0000000742600000| Complete 
|   1|0x0000000742700000, 0x0000000742800000, 0x0000000742800000|100%|HC|  |TAMS 0x0000000742800000, 0x0000000742700000| Complete 
|   2|0x0000000742800000, 0x0000000742900000, 0x0000000742900000|100%|HC|  |TAMS 0x0000000742900000, 0x0000000742800000| Complete 
|   3|0x0000000742900000, 0x0000000742a00000, 0x0000000742a00000|100%|HC|  |TAMS 0x0000000742a00000, 0x0000000742900000| Complete 
|   4|0x0000000742a00000, 0x0000000742b00000, 0x0000000742b00000|100%|HS|  |TAMS 0x0000000742a00000, 0x0000000742a00000| Complete 
|   5|0x0000000742b00000, 0x0000000742c00000, 0x0000000742c00000|100%|HC|  |TAMS 0x0000000742b00000, 0x0000000742b00000| Complete 
|   6|0x0000000742c00000, 0x0000000742d00000, 0x0000000742d00000|100%|HC|  |TAMS 0x0000000742c00000, 0x0000000742c00000| Complete 
|   7|0x0000000742d00000, 0x0000000742e00000, 0x0000000742e00000|100%|HC|  |TAMS 0x0000000742d00000, 0x0000000742d00000| Complete 
|   8|0x0000000742e00000, 0x0000000742e00000, 0x0000000742f00000|  0%| F|  |TAMS 0x0000000742e00000, 0x0000000742e00000| Untracked 
|   9|0x0000000742f00000, 0x0000000742f00000, 0x0000000743000000|  0%| F|  |TAMS 0x0000000742f00000, 0x0000000742f00000| Untracked 
|  10|0x0000000743000000, 0x0000000743000000, 0x0000000743100000|  0%| F|  |TAMS 0x0000000743000000, 0x0000000743000000| Untracked 
|  11|0x0000000743100000, 0x0000000743100000, 0x0000000743200000|  0%| F|  |TAMS 0x0000000743100000, 0x0000000743100000| Untracked 
|  12|0x0000000743200000, 0x0000000743200000, 0x0000000743300000|  0%| F|  |TAMS 0x0000000743200000, 0x0000000743200000| Untracked 
|  13|0x0000000743300000, 0x0000000743300000, 0x0000000743400000|  0%| F|  |TAMS 0x0000000743300000, 0x0000000743300000| Untracked 
|  14|0x0000000743400000, 0x0000000743400000, 0x0000000743500000|  0%| F|  |TAMS 0x0000000743400000, 0x0000000743400000| Untracked 
|  15|0x0000000743500000, 0x0000000743500000, 0x0000000743600000|  0%| F|  |TAMS 0x0000000743500000, 0x0000000743500000| Untracked 
|  16|0x0000000743600000, 0x0000000743600000, 0x0000000743700000|  0%| F|  |TAMS 0x0000000743600000, 0x0000000743600000| Untracked 
|  17|0x0000000743700000, 0x0000000743700000, 0x0000000743800000|  0%| F|  |TAMS 0x0000000743700000, 0x0000000743700000| Untracked 
|  18|0x0000000743800000, 0x0000000743800000, 0x0000000743900000|  0%| F|  |TAMS 0x0000000743800000, 0x0000000743800000| Untracked 
|  19|0x0000000743900000, 0x0000000743900000, 0x0000000743a00000|  0%| F|  |TAMS 0x0000000743900000, 0x0000000743900000| Untracked 
|  20|0x0000000743a00000, 0x0000000743a00000, 0x0000000743b00000|  0%| F|  |TAMS 0x0000000743a00000, 0x0000000743a00000| Untracked 
|  21|0x0000000743b00000, 0x0000000743b00000, 0x0000000743c00000|  0%| F|  |TAMS 0x0000000743b00000, 0x0000000743b00000| Untracked 
|  22|0x0000000743c00000, 0x0000000743c00000, 0x0000000743d00000|  0%| F|  |TAMS 0x0000000743c00000, 0x0000000743c00000| Untracked 
|  23|0x0000000743d00000, 0x0000000743d00000, 0x0000000743e00000|  0%| F|  |TAMS 0x0000000743d00000, 0x0000000743d00000| Untracked 
|  24|0x0000000743e00000, 0x0000000743e00000, 0x0000000743f00000|  0%| F|  |TAMS 0x0000000743e00000, 0x0000000743e00000| Untracked 
|  25|0x0000000743f00000, 0x0000000743f00000, 0x0000000744000000|  0%| F|  |TAMS 0x0000000743f00000, 0x0000000743f00000| Untracked 
|  26|0x0000000744000000, 0x0000000744000000, 0x0000000744100000|  0%| F|  |TAMS 0x0000000744000000, 0x0000000744000000| Untracked 
|  27|0x0000000744100000, 0x0000000744100000, 0x0000000744200000|  0%| F|  |TAMS 0x0000000744100000, 0x0000000744100000| Untracked 
|  28|0x0000000744200000, 0x0000000744200000, 0x0000000744300000|  0%| F|  |TAMS 0x0000000744200000, 0x0000000744200000| Untracked 
|  29|0x0000000744300000, 0x0000000744300000, 0x0000000744400000|  0%| F|  |TAMS 0x0000000744300000, 0x0000000744300000| Untracked 
|  30|0x0000000744400000, 0x0000000744400000, 0x0000000744500000|  0%| F|  |TAMS 0x0000000744400000, 0x0000000744400000| Untracked 
|  31|0x0000000744500000, 0x0000000744500000, 0x0000000744600000|  0%| F|  |TAMS 0x0000000744500000, 0x0000000744500000| Untracked 
|  32|0x0000000744600000, 0x0000000744600000, 0x0000000744700000|  0%| F|  |TAMS 0x0000000744600000, 0x0000000744600000| Untracked 
|  33|0x0000000744700000, 0x0000000744700000, 0x0000000744800000|  0%| F|  |TAMS 0x0000000744700000, 0x0000000744700000| Untracked 
|  34|0x0000000744800000, 0x0000000744800000, 0x0000000744900000|  0%| F|  |TAMS 0x0000000744800000, 0x0000000744800000| Untracked 
|  35|0x0000000744900000, 0x0000000744900000, 0x0000000744a00000|  0%| F|  |TAMS 0x0000000744900000, 0x0000000744900000| Untracked 
|  36|0x0000000744a00000, 0x0000000744a00000, 0x0000000744b00000|  0%| F|  |TAMS 0x0000000744a00000, 0x0000000744a00000| Untracked 
|  37|0x0000000744b00000, 0x0000000744b00000, 0x0000000744c00000|  0%| F|  |TAMS 0x0000000744b00000, 0x0000000744b00000| Untracked 
|  38|0x0000000744c00000, 0x0000000744c00000, 0x0000000744d00000|  0%| F|  |TAMS 0x0000000744c00000, 0x0000000744c00000| Untracked 
|  39|0x0000000744d00000, 0x0000000744d00000, 0x0000000744e00000|  0%| F|  |TAMS 0x0000000744d00000, 0x0000000744d00000| Untracked 
|  40|0x0000000744e00000, 0x0000000744e00000, 0x0000000744f00000|  0%| F|  |TAMS 0x0000000744e00000, 0x0000000744e00000| Untracked 
|  41|0x0000000744f00000, 0x0000000744f00000, 0x0000000745000000|  0%| F|  |TAMS 0x0000000744f00000, 0x0000000744f00000| Untracked 
|  42|0x0000000745000000, 0x0000000745000000, 0x0000000745100000|  0%| F|  |TAMS 0x0000000745000000, 0x0000000745000000| Untracked 
|  43|0x0000000745100000, 0x0000000745100000, 0x0000000745200000|  0%| F|  |TAMS 0x0000000745100000, 0x0000000745100000| Untracked 
|  44|0x0000000745200000, 0x0000000745200000, 0x0000000745300000|  0%| F|  |TAMS 0x0000000745200000, 0x0000000745200000| Untracked 
|  45|0x0000000745300000, 0x0000000745300000, 0x0000000745400000|  0%| F|  |TAMS 0x0000000745300000, 0x0000000745300000| Untracked 
|  46|0x0000000745400000, 0x0000000745400000, 0x0000000745500000|  0%| F|  |TAMS 0x0000000745400000, 0x0000000745400000| Untracked 
|  47|0x0000000745500000, 0x0000000745500000, 0x0000000745600000|  0%| F|  |TAMS 0x0000000745500000, 0x0000000745500000| Untracked 
|  48|0x0000000745600000, 0x0000000745600000, 0x0000000745700000|  0%| F|  |TAMS 0x0000000745600000, 0x0000000745600000| Untracked 
|  49|0x0000000745700000, 0x0000000745700000, 0x0000000745800000|  0%| F|  |TAMS 0x0000000745700000, 0x0000000745700000| Untracked 
|  50|0x0000000745800000, 0x0000000745800000, 0x0000000745900000|  0%| F|  |TAMS 0x0000000745800000, 0x0000000745800000| Untracked 
|  51|0x0000000745900000, 0x0000000745900000, 0x0000000745a00000|  0%| F|  |TAMS 0x0000000745900000, 0x0000000745900000| Untracked 
|  52|0x0000000745a00000, 0x0000000745a00000, 0x0000000745b00000|  0%| F|  |TAMS 0x0000000745a00000, 0x0000000745a00000| Untracked 
|  53|0x0000000745b00000, 0x0000000745b00000, 0x0000000745c00000|  0%| F|  |TAMS 0x0000000745b00000, 0x0000000745b00000| Untracked 
|  54|0x0000000745c00000, 0x0000000745c00000, 0x0000000745d00000|  0%| F|  |TAMS 0x0000000745c00000, 0x0000000745c00000| Untracked 
|  55|0x0000000745d00000, 0x0000000745d00000, 0x0000000745e00000|  0%| F|  |TAMS 0x0000000745d00000, 0x0000000745d00000| Untracked 
|  56|0x0000000745e00000, 0x0000000745e00000, 0x0000000745f00000|  0%| F|  |TAMS 0x0000000745e00000, 0x0000000745e00000| Untracked 
|  57|0x0000000745f00000, 0x0000000745f00000, 0x0000000746000000|  0%| F|  |TAMS 0x0000000745f00000, 0x0000000745f00000| Untracked 
|  58|0x0000000746000000, 0x0000000746000000, 0x0000000746100000|  0%| F|  |TAMS 0x0000000746000000, 0x0000000746000000| Untracked 
|  59|0x0000000746100000, 0x0000000746100000, 0x0000000746200000|  0%| F|  |TAMS 0x0000000746100000, 0x0000000746100000| Untracked 
|  60|0x0000000746200000, 0x0000000746200000, 0x0000000746300000|  0%| F|  |TAMS 0x0000000746200000, 0x0000000746200000| Untracked 
|  61|0x0000000746300000, 0x0000000746300000, 0x0000000746400000|  0%| F|  |TAMS 0x0000000746300000, 0x0000000746300000| Untracked 
|  62|0x0000000746400000, 0x0000000746400000, 0x0000000746500000|  0%| F|  |TAMS 0x0000000746400000, 0x0000000746400000| Untracked 
|  63|0x0000000746500000, 0x0000000746500000, 0x0000000746600000|  0%| F|  |TAMS 0x0000000746500000, 0x0000000746500000| Untracked 
|  64|0x0000000746600000, 0x0000000746600000, 0x0000000746700000|  0%| F|  |TAMS 0x0000000746600000, 0x0000000746600000| Untracked 
|  65|0x0000000746700000, 0x0000000746700000, 0x0000000746800000|  0%| F|  |TAMS 0x0000000746700000, 0x0000000746700000| Untracked 
|  66|0x0000000746800000, 0x0000000746800000, 0x0000000746900000|  0%| F|  |TAMS 0x0000000746800000, 0x0000000746800000| Untracked 
|  67|0x0000000746900000, 0x0000000746900000, 0x0000000746a00000|  0%| F|  |TAMS 0x0000000746900000, 0x0000000746900000| Untracked 
|  68|0x0000000746a00000, 0x0000000746a00000, 0x0000000746b00000|  0%| F|  |TAMS 0x0000000746a00000, 0x0000000746a00000| Untracked 
|  69|0x0000000746b00000, 0x0000000746b00000, 0x0000000746c00000|  0%| F|  |TAMS 0x0000000746b00000, 0x0000000746b00000| Untracked 
|  70|0x0000000746c00000, 0x0000000746c00000, 0x0000000746d00000|  0%| F|  |TAMS 0x0000000746c00000, 0x0000000746c00000| Untracked 
|  71|0x0000000746d00000, 0x0000000746d00000, 0x0000000746e00000|  0%| F|  |TAMS 0x0000000746d00000, 0x0000000746d00000| Untracked 
|  72|0x0000000746e00000, 0x0000000746e00000, 0x0000000746f00000|  0%| F|  |TAMS 0x0000000746e00000, 0x0000000746e00000| Untracked 
|  73|0x0000000746f00000, 0x0000000746f00000, 0x0000000747000000|  0%| F|  |TAMS 0x0000000746f00000, 0x0000000746f00000| Untracked 
|  74|0x0000000747000000, 0x0000000747000000, 0x0000000747100000|  0%| F|  |TAMS 0x0000000747000000, 0x0000000747000000| Untracked 
|  75|0x0000000747100000, 0x0000000747100000, 0x0000000747200000|  0%| F|  |TAMS 0x0000000747100000, 0x0000000747100000| Untracked 
|  76|0x0000000747200000, 0x0000000747200000, 0x0000000747300000|  0%| F|  |TAMS 0x0000000747200000, 0x0000000747200000| Untracked 
|  77|0x0000000747300000, 0x0000000747300000, 0x0000000747400000|  0%| F|  |TAMS 0x0000000747300000, 0x0000000747300000| Untracked 
|  78|0x0000000747400000, 0x0000000747400000, 0x0000000747500000|  0%| F|  |TAMS 0x0000000747400000, 0x0000000747400000| Untracked 
|  79|0x0000000747500000, 0x0000000747500000, 0x0000000747600000|  0%| F|  |TAMS 0x0000000747500000, 0x0000000747500000| Untracked 
|  80|0x0000000747600000, 0x0000000747600000, 0x0000000747700000|  0%| F|  |TAMS 0x0000000747600000, 0x0000000747600000| Untracked 
|  81|0x0000000747700000, 0x0000000747700000, 0x0000000747800000|  0%| F|  |TAMS 0x0000000747700000, 0x0000000747700000| Untracked 
|  82|0x0000000747800000, 0x0000000747800000, 0x0000000747900000|  0%| F|  |TAMS 0x0000000747800000, 0x0000000747800000| Untracked 
|  83|0x0000000747900000, 0x0000000747900000, 0x0000000747a00000|  0%| F|  |TAMS 0x0000000747900000, 0x0000000747900000| Untracked 
|  84|0x0000000747a00000, 0x0000000747a00000, 0x0000000747b00000|  0%| F|  |TAMS 0x0000000747a00000, 0x0000000747a00000| Untracked 
|  85|0x0000000747b00000, 0x0000000747b00000, 0x0000000747c00000|  0%| F|  |TAMS 0x0000000747b00000, 0x0000000747b00000| Untracked 
|  86|0x0000000747c00000, 0x0000000747c00000, 0x0000000747d00000|  0%| F|  |TAMS 0x0000000747c00000, 0x0000000747c00000| Untracked 
|  87|0x0000000747d00000, 0x0000000747d00000, 0x0000000747e00000|  0%| F|  |TAMS 0x0000000747d00000, 0x0000000747d00000| Untracked 
|  88|0x0000000747e00000, 0x0000000747e00000, 0x0000000747f00000|  0%| F|  |TAMS 0x0000000747e00000, 0x0000000747e00000| Untracked 
|  89|0x0000000747f00000, 0x0000000747f00000, 0x0000000748000000|  0%| F|  |TAMS 0x0000000747f00000, 0x0000000747f00000| Untracked 
|  90|0x0000000748000000, 0x0000000748000000, 0x0000000748100000|  0%| F|  |TAMS 0x0000000748000000, 0x0000000748000000| Untracked 
|  91|0x0000000748100000, 0x0000000748100000, 0x0000000748200000|  0%| F|  |TAMS 0x0000000748100000, 0x0000000748100000| Untracked 
|  92|0x0000000748200000, 0x0000000748200000, 0x0000000748300000|  0%| F|  |TAMS 0x0000000748200000, 0x0000000748200000| Untracked 
|  93|0x0000000748300000, 0x0000000748300000, 0x0000000748400000|  0%| F|  |TAMS 0x0000000748300000, 0x0000000748300000| Untracked 
|  94|0x0000000748400000, 0x0000000748400000, 0x0000000748500000|  0%| F|  |TAMS 0x0000000748400000, 0x0000000748400000| Untracked 
|  95|0x0000000748500000, 0x0000000748500000, 0x0000000748600000|  0%| F|  |TAMS 0x0000000748500000, 0x0000000748500000| Untracked 
|  96|0x0000000748600000, 0x0000000748600000, 0x0000000748700000|  0%| F|  |TAMS 0x0000000748600000, 0x0000000748600000| Untracked 
|  97|0x0000000748700000, 0x0000000748700000, 0x0000000748800000|  0%| F|  |TAMS 0x0000000748700000, 0x0000000748700000| Untracked 
|  98|0x0000000748800000, 0x0000000748800000, 0x0000000748900000|  0%| F|  |TAMS 0x0000000748800000, 0x0000000748800000| Untracked 
|  99|0x0000000748900000, 0x0000000748900000, 0x0000000748a00000|  0%| F|  |TAMS 0x0000000748900000, 0x0000000748900000| Untracked 
| 100|0x0000000748a00000, 0x0000000748a00000, 0x0000000748b00000|  0%| F|  |TAMS 0x0000000748a00000, 0x0000000748a00000| Untracked 
| 101|0x0000000748b00000, 0x0000000748b00000, 0x0000000748c00000|  0%| F|  |TAMS 0x0000000748b00000, 0x0000000748b00000| Untracked 
| 102|0x0000000748c00000, 0x0000000748c00000, 0x0000000748d00000|  0%| F|  |TAMS 0x0000000748c00000, 0x0000000748c00000| Untracked 
| 103|0x0000000748d00000, 0x0000000748d00000, 0x0000000748e00000|  0%| F|  |TAMS 0x0000000748d00000, 0x0000000748d00000| Untracked 
| 104|0x0000000748e00000, 0x0000000748e00000, 0x0000000748f00000|  0%| F|  |TAMS 0x0000000748e00000, 0x0000000748e00000| Untracked 
| 105|0x0000000748f00000, 0x0000000748f00000, 0x0000000749000000|  0%| F|  |TAMS 0x0000000748f00000, 0x0000000748f00000| Untracked 
| 106|0x0000000749000000, 0x0000000749000000, 0x0000000749100000|  0%| F|  |TAMS 0x0000000749000000, 0x0000000749000000| Untracked 
| 107|0x0000000749100000, 0x0000000749100000, 0x0000000749200000|  0%| F|  |TAMS 0x0000000749100000, 0x0000000749100000| Untracked 
| 108|0x0000000749200000, 0x0000000749200000, 0x0000000749300000|  0%| F|  |TAMS 0x0000000749200000, 0x0000000749200000| Untracked 
| 109|0x0000000749300000, 0x0000000749300000, 0x0000000749400000|  0%| F|  |TAMS 0x0000000749300000, 0x0000000749300000| Untracked 
| 110|0x0000000749400000, 0x0000000749400000, 0x0000000749500000|  0%| F|  |TAMS 0x0000000749400000, 0x0000000749400000| Untracked 
| 111|0x0000000749500000, 0x0000000749500000, 0x0000000749600000|  0%| F|  |TAMS 0x0000000749500000, 0x0000000749500000| Untracked 
| 112|0x0000000749600000, 0x0000000749600000, 0x0000000749700000|  0%| F|  |TAMS 0x0000000749600000, 0x0000000749600000| Untracked 
| 113|0x0000000749700000, 0x0000000749700000, 0x0000000749800000|  0%| F|  |TAMS 0x0000000749700000, 0x0000000749700000| Untracked 
| 114|0x0000000749800000, 0x0000000749800000, 0x0000000749900000|  0%| F|  |TAMS 0x0000000749800000, 0x0000000749800000| Untracked 
| 115|0x0000000749900000, 0x0000000749900000, 0x0000000749a00000|  0%| F|  |TAMS 0x0000000749900000, 0x0000000749900000| Untracked 
| 116|0x0000000749a00000, 0x0000000749a00000, 0x0000000749b00000|  0%| F|  |TAMS 0x0000000749a00000, 0x0000000749a00000| Untracked 
| 117|0x0000000749b00000, 0x0000000749b00000, 0x0000000749c00000|  0%| F|  |TAMS 0x0000000749b00000, 0x0000000749b00000| Untracked 
| 118|0x0000000749c00000, 0x0000000749c00000, 0x0000000749d00000|  0%| F|  |TAMS 0x0000000749c00000, 0x0000000749c00000| Untracked 
| 119|0x0000000749d00000, 0x0000000749d00000, 0x0000000749e00000|  0%| F|  |TAMS 0x0000000749d00000, 0x0000000749d00000| Untracked 
| 120|0x0000000749e00000, 0x0000000749e00000, 0x0000000749f00000|  0%| F|  |TAMS 0x0000000749e00000, 0x0000000749e00000| Untracked 
| 121|0x0000000749f00000, 0x0000000749f00000, 0x000000074a000000|  0%| F|  |TAMS 0x0000000749f00000, 0x0000000749f00000| Untracked 
| 122|0x000000074a000000, 0x000000074a000000, 0x000000074a100000|  0%| F|  |TAMS 0x000000074a000000, 0x000000074a000000| Untracked 
| 123|0x000000074a100000, 0x000000074a100000, 0x000000074a200000|  0%| F|  |TAMS 0x000000074a100000, 0x000000074a100000| Untracked 
| 124|0x000000074a200000, 0x000000074a200000, 0x000000074a300000|  0%| F|  |TAMS 0x000000074a200000, 0x000000074a200000| Untracked 
| 125|0x000000074a300000, 0x000000074a300000, 0x000000074a400000|  0%| F|  |TAMS 0x000000074a300000, 0x000000074a300000| Untracked 
| 126|0x000000074a400000, 0x000000074a400000, 0x000000074a500000|  0%| F|  |TAMS 0x000000074a400000, 0x000000074a400000| Untracked 
| 127|0x000000074a500000, 0x000000074a500000, 0x000000074a600000|  0%| F|  |TAMS 0x000000074a500000, 0x000000074a500000| Untracked 
| 128|0x000000074a600000, 0x000000074a600000, 0x000000074a700000|  0%| F|  |TAMS 0x000000074a600000, 0x000000074a600000| Untracked 
| 129|0x000000074a700000, 0x000000074a700000, 0x000000074a800000|  0%| F|  |TAMS 0x000000074a700000, 0x000000074a700000| Untracked 
| 130|0x000000074a800000, 0x000000074a800000, 0x000000074a900000|  0%| F|  |TAMS 0x000000074a800000, 0x000000074a800000| Untracked 
| 131|0x000000074a900000, 0x000000074a900000, 0x000000074aa00000|  0%| F|  |TAMS 0x000000074a900000, 0x000000074a900000| Untracked 
| 132|0x000000074aa00000, 0x000000074aa00000, 0x000000074ab00000|  0%| F|  |TAMS 0x000000074aa00000, 0x000000074aa00000| Untracked 
| 133|0x000000074ab00000, 0x000000074ab00000, 0x000000074ac00000|  0%| F|  |TAMS 0x000000074ab00000, 0x000000074ab00000| Untracked 
| 134|0x000000074ac00000, 0x000000074ac00000, 0x000000074ad00000|  0%| F|  |TAMS 0x000000074ac00000, 0x000000074ac00000| Untracked 
| 135|0x000000074ad00000, 0x000000074ad00000, 0x000000074ae00000|  0%| F|  |TAMS 0x000000074ad00000, 0x000000074ad00000| Untracked 
| 136|0x000000074ae00000, 0x000000074ae00000, 0x000000074af00000|  0%| F|  |TAMS 0x000000074ae00000, 0x000000074ae00000| Untracked 
| 137|0x000000074af00000, 0x000000074af00000, 0x000000074b000000|  0%| F|  |TAMS 0x000000074af00000, 0x000000074af00000| Untracked 
| 138|0x000000074b000000, 0x000000074b000000, 0x000000074b100000|  0%| F|  |TAMS 0x000000074b000000, 0x000000074b000000| Untracked 
| 139|0x000000074b100000, 0x000000074b100000, 0x000000074b200000|  0%| F|  |TAMS 0x000000074b100000, 0x000000074b100000| Untracked 
| 140|0x000000074b200000, 0x000000074b200000, 0x000000074b300000|  0%| F|  |TAMS 0x000000074b200000, 0x000000074b200000| Untracked 
| 141|0x000000074b300000, 0x000000074b300000, 0x000000074b400000|  0%| F|  |TAMS 0x000000074b300000, 0x000000074b300000| Untracked 
| 142|0x000000074b400000, 0x000000074b48aa58, 0x000000074b500000| 54%| S|CS|TAMS 0x000000074b400000, 0x000000074b400000| Complete 
| 143|0x000000074b500000, 0x000000074b600000, 0x000000074b600000|100%| S|CS|TAMS 0x000000074b500000, 0x000000074b500000| Complete 
| 144|0x000000074b600000, 0x000000074b700000, 0x000000074b700000|100%| S|CS|TAMS 0x000000074b600000, 0x000000074b600000| Complete 
| 145|0x000000074b700000, 0x000000074b800000, 0x000000074b800000|100%| S|CS|TAMS 0x000000074b700000, 0x000000074b700000| Complete 
| 146|0x000000074b800000, 0x000000074b900000, 0x000000074b900000|100%| S|CS|TAMS 0x000000074b800000, 0x000000074b800000| Complete 
| 147|0x000000074b900000, 0x000000074ba00000, 0x000000074ba00000|100%| S|CS|TAMS 0x000000074b900000, 0x000000074b900000| Complete 
| 148|0x000000074ba00000, 0x000000074bb00000, 0x000000074bb00000|100%| S|CS|TAMS 0x000000074ba00000, 0x000000074ba00000| Complete 
| 149|0x000000074bb00000, 0x000000074bb00000, 0x000000074bc00000|  0%| F|  |TAMS 0x000000074bb00000, 0x000000074bb00000| Untracked 
| 150|0x000000074bc00000, 0x000000074bc00000, 0x000000074bd00000|  0%| F|  |TAMS 0x000000074bc00000, 0x000000074bc00000| Untracked 
| 151|0x000000074bd00000, 0x000000074bd00000, 0x000000074be00000|  0%| F|  |TAMS 0x000000074bd00000, 0x000000074bd00000| Untracked 
| 152|0x000000074be00000, 0x000000074be00000, 0x000000074bf00000|  0%| F|  |TAMS 0x000000074be00000, 0x000000074be00000| Untracked 
| 153|0x000000074bf00000, 0x000000074bf00000, 0x000000074c000000|  0%| F|  |TAMS 0x000000074bf00000, 0x000000074bf00000| Untracked 
| 154|0x000000074c000000, 0x000000074c000000, 0x000000074c100000|  0%| F|  |TAMS 0x000000074c000000, 0x000000074c000000| Untracked 
| 155|0x000000074c100000, 0x000000074c100000, 0x000000074c200000|  0%| F|  |TAMS 0x000000074c100000, 0x000000074c100000| Untracked 
| 156|0x000000074c200000, 0x000000074c200000, 0x000000074c300000|  0%| F|  |TAMS 0x000000074c200000, 0x000000074c200000| Untracked 
| 157|0x000000074c300000, 0x000000074c300000, 0x000000074c400000|  0%| F|  |TAMS 0x000000074c300000, 0x000000074c300000| Untracked 
| 158|0x000000074c400000, 0x000000074c400000, 0x000000074c500000|  0%| F|  |TAMS 0x000000074c400000, 0x000000074c400000| Untracked 
| 159|0x000000074c500000, 0x000000074c500000, 0x000000074c600000|  0%| F|  |TAMS 0x000000074c500000, 0x000000074c500000| Untracked 
| 160|0x000000074c600000, 0x000000074c680800, 0x000000074c700000| 50%| E|  |TAMS 0x000000074c600000, 0x000000074c600000| Complete 
| 161|0x000000074c700000, 0x000000074c800000, 0x000000074c800000|100%| E|CS|TAMS 0x000000074c700000, 0x000000074c700000| Complete 
| 162|0x000000074c800000, 0x000000074c900000, 0x000000074c900000|100%| E|CS|TAMS 0x000000074c800000, 0x000000074c800000| Complete 
| 163|0x000000074c900000, 0x000000074ca00000, 0x000000074ca00000|100%| E|CS|TAMS 0x000000074c900000, 0x000000074c900000| Complete 
| 164|0x000000074ca00000, 0x000000074cb00000, 0x000000074cb00000|100%| E|CS|TAMS 0x000000074ca00000, 0x000000074ca00000| Complete 
| 165|0x000000074cb00000, 0x000000074cc00000, 0x000000074cc00000|100%| E|CS|TAMS 0x000000074cb00000, 0x000000074cb00000| Complete 
| 166|0x000000074cc00000, 0x000000074cd00000, 0x000000074cd00000|100%| E|CS|TAMS 0x000000074cc00000, 0x000000074cc00000| Complete 
| 167|0x000000074cd00000, 0x000000074ce00000, 0x000000074ce00000|100%| E|CS|TAMS 0x000000074cd00000, 0x000000074cd00000| Complete 
| 168|0x000000074ce00000, 0x000000074cf00000, 0x000000074cf00000|100%| E|CS|TAMS 0x000000074ce00000, 0x000000074ce00000| Complete 
| 169|0x000000074cf00000, 0x000000074d000000, 0x000000074d000000|100%| E|CS|TAMS 0x000000074cf00000, 0x000000074cf00000| Complete 
| 170|0x000000074d000000, 0x000000074d100000, 0x000000074d100000|100%| E|CS|TAMS 0x000000074d000000, 0x000000074d000000| Complete 
| 171|0x000000074d100000, 0x000000074d200000, 0x000000074d200000|100%| E|CS|TAMS 0x000000074d100000, 0x000000074d100000| Complete 
| 172|0x000000074d200000, 0x000000074d300000, 0x000000074d300000|100%| E|CS|TAMS 0x000000074d200000, 0x000000074d200000| Complete 
| 173|0x000000074d300000, 0x000000074d400000, 0x000000074d400000|100%| E|CS|TAMS 0x000000074d300000, 0x000000074d300000| Complete 
| 174|0x000000074d400000, 0x000000074d500000, 0x000000074d500000|100%| E|CS|TAMS 0x000000074d400000, 0x000000074d400000| Complete 
| 175|0x000000074d500000, 0x000000074d600000, 0x000000074d600000|100%| E|CS|TAMS 0x000000074d500000, 0x000000074d500000| Complete 
| 176|0x000000074d600000, 0x000000074d700000, 0x000000074d700000|100%| E|CS|TAMS 0x000000074d600000, 0x000000074d600000| Complete 
| 177|0x000000074d700000, 0x000000074d800000, 0x000000074d800000|100%| E|CS|TAMS 0x000000074d700000, 0x000000074d700000| Complete 
| 178|0x000000074d800000, 0x000000074d900000, 0x000000074d900000|100%| E|CS|TAMS 0x000000074d800000, 0x000000074d800000| Complete 
| 179|0x000000074d900000, 0x000000074da00000, 0x000000074da00000|100%| E|CS|TAMS 0x000000074d900000, 0x000000074d900000| Complete 
| 180|0x000000074da00000, 0x000000074db00000, 0x000000074db00000|100%| E|CS|TAMS 0x000000074da00000, 0x000000074da00000| Complete 
| 181|0x000000074db00000, 0x000000074dc00000, 0x000000074dc00000|100%| E|CS|TAMS 0x000000074db00000, 0x000000074db00000| Complete 
| 182|0x000000074dc00000, 0x000000074dd00000, 0x000000074dd00000|100%| E|CS|TAMS 0x000000074dc00000, 0x000000074dc00000| Complete 
| 183|0x000000074dd00000, 0x000000074de00000, 0x000000074de00000|100%| E|CS|TAMS 0x000000074dd00000, 0x000000074dd00000| Complete 
| 184|0x000000074de00000, 0x000000074df00000, 0x000000074df00000|100%| E|CS|TAMS 0x000000074de00000, 0x000000074de00000| Complete 
| 185|0x000000074df00000, 0x000000074e000000, 0x000000074e000000|100%| E|CS|TAMS 0x000000074df00000, 0x000000074df00000| Complete 
| 186|0x000000074e000000, 0x000000074e100000, 0x000000074e100000|100%| E|CS|TAMS 0x000000074e000000, 0x000000074e000000| Complete 
| 187|0x000000074e100000, 0x000000074e200000, 0x000000074e200000|100%| E|CS|TAMS 0x000000074e100000, 0x000000074e100000| Complete 
| 188|0x000000074e200000, 0x000000074e300000, 0x000000074e300000|100%| E|CS|TAMS 0x000000074e200000, 0x000000074e200000| Complete 
| 189|0x000000074e300000, 0x000000074e400000, 0x000000074e400000|100%| E|CS|TAMS 0x000000074e300000, 0x000000074e300000| Complete 

Card table byte_map: [0x00000290262e0000,0x00000290268d0000] _byte_map_base: 0x00000290228cd000

Marking Bits (Prev, Next): (CMBitMap*) 0x000002900d4859d0, (CMBitMap*) 0x000002900d485998
 Prev Bits: [0x0000029029e30000, 0x000002902cd98000)
 Next Bits: [0x0000029026ec0000, 0x0000029029e28000)

Polling page: 0x000002900d510000

Metaspace:

Usage:
  Non-class:     25.74 MB capacity,    25.45 MB ( 99%) used,   258.05 KB ( <1%) free+waste,    45.81 KB ( <1%) overhead. 
      Class:      3.47 MB capacity,     3.27 MB ( 94%) used,   178.63 KB (  5%) free+waste,    22.63 KB ( <1%) overhead. 
       Both:     29.21 MB capacity,    28.72 MB ( 98%) used,   436.68 KB (  1%) free+waste,    68.44 KB ( <1%) overhead. 

Virtual space:
  Non-class space:       26.00 MB reserved,      25.92 MB (>99%) committed 
      Class space:        1.00 GB reserved,       3.50 MB ( <1%) committed 
             Both:        1.03 GB reserved,      29.42 MB (  3%) committed 

Chunk freelists:
   Non-Class:  6.75 KB
       Class:  128 bytes
        Both:  6.88 KB

CodeHeap 'non-profiled nmethods': size=120000Kb used=744Kb max_used=744Kb free=119256Kb
 bounds [0x000002901dd50000, 0x000002901dfc0000, 0x0000029025280000]
CodeHeap 'profiled nmethods': size=120000Kb used=4028Kb max_used=4028Kb free=115971Kb
 bounds [0x0000029016820000, 0x0000029016c10000, 0x000002901dd50000]
CodeHeap 'non-nmethods': size=5760Kb used=1176Kb max_used=1194Kb free=4583Kb
 bounds [0x0000029016280000, 0x00000290164f0000, 0x0000029016820000]
 total_blobs=2630 nmethods=2118 adapters=423
 compilation: enabled
              stopped_count=0, restarted_count=0
 full_count=0

Compilation events (10 events):
Event: 1.662 Thread 0x000002903018b800 nmethod 2113 0x0000029016c0b190 code [0x0000029016c0b360, 0x0000029016c0b628]
Event: 1.662 Thread 0x000002903018b800 2114       3       java.lang.String::indexOf (113 bytes)
Event: 1.663 Thread 0x000002903018b800 nmethod 2114 0x0000029016c0b790 code [0x0000029016c0ba00, 0x0000029016c0c428]
Event: 1.665 Thread 0x000002903018b800 2116       3       java.util.Objects::hashCode (13 bytes)
Event: 1.665 Thread 0x000002903018b800 nmethod 2116 0x0000029016c0c810 code [0x0000029016c0c9c0, 0x0000029016c0cbc8]
Event: 1.665 Thread 0x000002903018b800 2115       3       jdk.internal.loader.AbstractClassLoaderValue$Sub::hashCode (19 bytes)
Event: 1.665 Thread 0x000002903018b800 nmethod 2115 0x0000029016c0cc90 code [0x0000029016c0ce60, 0x0000029016c0d1d8]
Event: 1.679 Thread 0x000002903018b800 2117       3       java.lang.reflect.Modifier::isVolatile (13 bytes)
Event: 1.679 Thread 0x000002903018b800 nmethod 2117 0x0000029016c0d310 code [0x0000029016c0d4a0, 0x0000029016c0d5d8]
Event: 1.680 Thread 0x000002903018b800 2118       3       sun.invoke.util.VerifyAccess::isSamePackage (32 bytes)

GC Heap History (4 events):
Event: 0.416 GC heap before
{Heap before GC invocations=0 (full 0):
 garbage-first heap   total 194560K, used 28672K [0x0000000742600000, 0x0000000800000000)
  region size 1024K, 24 young (24576K), 0 survivors (0K)
 Metaspace       used 11891K, capacity 12022K, committed 12288K, reserved 1060864K
  class space    used 1118K, capacity 1175K, committed 1280K, reserved 1048576K
}
Event: 0.419 GC heap after
{Heap after GC invocations=1 (full 0):
 garbage-first heap   total 194560K, used 6676K [0x0000000742600000, 0x0000000800000000)
  region size 1024K, 3 young (3072K), 3 survivors (3072K)
 Metaspace       used 11891K, capacity 12022K, committed 12288K, reserved 1060864K
  class space    used 1118K, capacity 1175K, committed 1280K, reserved 1048576K
}
Event: 1.166 GC heap before
{Heap before GC invocations=1 (full 0):
 garbage-first heap   total 194560K, used 44564K [0x0000000742600000, 0x0000000800000000)
  region size 1024K, 41 young (41984K), 3 survivors (3072K)
 Metaspace       used 20931K, capacity 21198K, committed 21296K, reserved 1069056K
  class space    used 2288K, capacity 2410K, committed 2432K, reserved 1048576K
}
Event: 1.177 GC heap after
{Heap after GC invocations=2 (full 0):
 garbage-first heap   total 194560K, used 10794K [0x0000000742600000, 0x0000000800000000)
  region size 1024K, 7 young (7168K), 7 survivors (7168K)
 Metaspace       used 20931K, capacity 21198K, committed 21296K, reserved 1069056K
  class space    used 2288K, capacity 2410K, committed 2432K, reserved 1048576K
}

Deoptimization events (10 events):
Event: 1.050 Thread 0x000002900d43a800 Uncommon trap: reason=unstable_if action=reinterpret pc=0x000002901ddc90d8 method=jdk.internal.loader.URLClassPath$JarLoader.ensureOpen()V @ 4 c2
Event: 1.371 Thread 0x000002900d43a800 Uncommon trap: reason=unstable_if action=reinterpret pc=0x000002901dd68720 method=java.lang.StringLatin1.canEncode(I)Z @ 4 c2
Event: 1.371 Thread 0x000002900d43a800 Uncommon trap: reason=unstable_if action=reinterpret pc=0x000002901dd69008 method=java.lang.AbstractStringBuilder.isLatin1()Z @ 10 c2
Event: 1.407 Thread 0x000002900d43a800 Uncommon trap: reason=unstable_if action=reinterpret pc=0x000002901dde5b04 method=java.lang.StringUTF16.compress([CI[BII)I @ 20 c2
Event: 1.441 Thread 0x000002900d43a800 Uncommon trap: reason=unstable_if action=reinterpret pc=0x000002901ddf296c method=jdk.nio.zipfs.ZipFileSystem.getParentOff([B)I @ 21 c2
Event: 1.466 Thread 0x000002900d43a800 Uncommon trap: reason=unstable_if action=reinterpret pc=0x000002901dd51dd8 method=java.lang.String.isLatin1()Z @ 10 c2
Event: 1.466 Thread 0x000002900d43a800 Uncommon trap: reason=class_check action=maybe_recompile pc=0x000002901dde17d0 method=java.util.zip.InflaterInputStream.read([BII)I @ 100 c2
Event: 1.477 Thread 0x000002900d43a800 Uncommon trap: reason=intrinsic_or_type_checked_inlining action=make_not_entrant pc=0x000002901ddf9250 method=java.util.Arrays.copyOf([Ljava/lang/Object;ILjava/lang/Class;)[Ljava/lang/Object; @ 35 c2
Event: 1.516 Thread 0x000002900d43a800 Uncommon trap: reason=unstable_if action=reinterpret pc=0x000002901dd85ec8 method=java.lang.Integer.getChars(II[B)I @ 25 c2
Event: 1.584 Thread 0x000002900d43a800 Uncommon trap: reason=unstable_if action=reinterpret pc=0x000002901ddcd0b8 method=java.lang.String.startsWith(Ljava/lang/String;I)Z @ 1 c2

Classes redefined (0 events):
No events

Internal exceptions (10 events):
Event: 1.330 Thread 0x000002900d43a800 Exception <a 'java/lang/NoSuchMethodError'{0x000000074dbaffe8}: java.lang.invoke.DirectMethodHandle$Holder.invokeSpecial(Ljava/lang/Object;Ljava/lang/Object;)V> (0x000000074dbaffe8) thrown at [./open/src/hotspot/share/interpreter/linkResolver.cpp, line 77
Event: 1.479 Thread 0x000002900d43a800 Exception <a 'java/lang/NoSuchMethodError'{0x000000074d3babf8}: java.lang.invoke.DirectMethodHandle$Holder.invokeStatic(Ljava/lang/Object;Ljava/lang/Object;Ljava/lang/Object;Ljava/lang/Object;Ljava/lang/Object;Ljava/lang/Object;Ljava/lang/Object;Ljava/lan
Event: 1.480 Thread 0x000002900d43a800 Exception <a 'java/lang/NoSuchMethodError'{0x000000074d3c8c00}: java.lang.invoke.DirectMethodHandle$Holder.invokeStatic(Ljava/lang/Object;Ljava/lang/Object;Ljava/lang/Object;Ljava/lang/Object;Ljava/lang/Object;Ljava/lang/Object;Ljava/lang/Object;Ljava/lan
Event: 1.481 Thread 0x000002900d43a800 Exception <a 'java/lang/NoSuchMethodError'{0x000000074d3d6b10}: java.lang.invoke.DirectMethodHandle$Holder.invokeSpecial(Ljava/lang/Object;Ljava/lang/Object;IILjava/lang/Object;Ljava/lang/Object;Ljava/lang/Object;)Ljava/lang/Object;> (0x000000074d3d6b10) 
Event: 1.481 Thread 0x000002900d43a800 Exception <a 'java/lang/NoSuchMethodError'{0x000000074d3da340}: java.lang.invoke.DelegatingMethodHandle$Holder.reinvoke_L(Ljava/lang/Object;IILjava/lang/Object;Ljava/lang/Object;Ljava/lang/Object;)Ljava/lang/Object;> (0x000000074d3da340) thrown at [./open
Event: 1.482 Thread 0x000002900d43a800 Exception <a 'java/lang/NoSuchMethodError'{0x000000074d3de6c8}: java.lang.invoke.DirectMethodHandle$Holder.invokeStatic(Ljava/lang/Object;Ljava/lang/Object;Ljava/lang/Object;Ljava/lang/Object;I)Ljava/lang/Object;> (0x000000074d3de6c8) thrown at [./open/sr
Event: 1.517 Thread 0x000002900d43a800 Exception <a 'java/lang/NoSuchMethodError'{0x000000074d103ae8}: java.lang.invoke.DirectMethodHandle$Holder.invokeStatic(Ljava/lang/Object;Ljava/lang/Object;Ljava/lang/Object;Ljava/lang/Object;)V> (0x000000074d103ae8) thrown at [./open/src/hotspot/share/in
Event: 1.568 Thread 0x000002900d43a800 Exception <a 'java/lang/NoSuchMethodError'{0x000000074cedd3f0}: java.lang.invoke.DirectMethodHandle$Holder.invokeStaticInit(Ljava/lang/Object;Ljava/lang/Object;)V> (0x000000074cedd3f0) thrown at [./open/src/hotspot/share/interpreter/linkResolver.cpp, line
Event: 1.649 Thread 0x000002900d43a800 Exception <a 'java/lang/NoSuchMethodError'{0x000000074c841280}: java.lang.invoke.DirectMethodHandle$Holder.invokeVirtual(Ljava/lang/Object;Ljava/lang/Object;)V> (0x000000074c841280) thrown at [./open/src/hotspot/share/interpreter/linkResolver.cpp, line 77
Event: 1.657 Thread 0x000002900d43a800 Exception <a 'java/lang/NoSuchMethodError'{0x000000074c890430}: java.lang.invoke.DirectMethodHandle$Holder.invokeVirtual(Ljava/lang/Object;Ljava/lang/Object;)I> (0x000000074c890430) thrown at [./open/src/hotspot/share/interpreter/linkResolver.cpp, line 77

Events (10 events):
Event: 1.676 loading class org/jetbrains/kotlin/com/intellij/util/PatchedWeakReference
Event: 1.676 loading class org/jetbrains/kotlin/com/intellij/util/PatchedWeakReference done
Event: 1.677 loading class org/jetbrains/kotlin/com/intellij/psi/impl/source/StubbedSpine
Event: 1.677 loading class org/jetbrains/kotlin/com/intellij/psi/impl/source/StubbedSpine done
Event: 1.678 loading class org/jetbrains/kotlin/com/intellij/psi/impl/source/FileTrees
Event: 1.678 loading class org/jetbrains/kotlin/com/intellij/psi/impl/source/FileTrees done
Event: 1.679 loading class org/jetbrains/kotlin/com/intellij/psi/PsiFile
Event: 1.679 loading class org/jetbrains/kotlin/com/intellij/psi/PsiFile done
Event: 1.679 loading class org/jetbrains/kotlin/com/intellij/psi/PsiFile
Event: 1.679 loading class org/jetbrains/kotlin/com/intellij/psi/PsiFile done


Dynamic libraries:
0x00007ff7c3f10000 - 0x00007ff7c3f1f000 	C:\Program Files\Java\jdk-11.0.14\bin\java.exe
0x00007ffb24090000 - 0x00007ffb242a4000 	C:\WINDOWS\SYSTEM32\ntdll.dll
0x00007ffb21ff0000 - 0x00007ffb220b2000 	C:\WINDOWS\System32\KERNEL32.DLL
0x00007ffb21630000 - 0x00007ffb219d3000 	C:\WINDOWS\System32\KERNELBASE.dll
0x00007ffb21510000 - 0x00007ffb21621000 	C:\WINDOWS\System32\ucrtbase.dll
0x00007ffb02200000 - 0x00007ffb02215000 	C:\Program Files\Java\jdk-11.0.14\bin\VCRUNTIME140.dll
0x00007ffb021e0000 - 0x00007ffb021f8000 	C:\Program Files\Java\jdk-11.0.14\bin\jli.dll
0x00007ffb23d20000 - 0x00007ffb23dce000 	C:\WINDOWS\System32\ADVAPI32.dll
0x00007ffb236b0000 - 0x00007ffb23757000 	C:\WINDOWS\System32\msvcrt.dll
0x00007ffb23c50000 - 0x00007ffb23cf4000 	C:\WINDOWS\System32\sechost.dll
0x00007ffb23f20000 - 0x00007ffb24037000 	C:\WINDOWS\System32\RPCRT4.dll
0x00007ffb224d0000 - 0x00007ffb2267a000 	C:\WINDOWS\System32\USER32.dll
0x00007ffb21c10000 - 0x00007ffb21c36000 	C:\WINDOWS\System32\win32u.dll
0x00007ffb101c0000 - 0x00007ffb1044e000 	C:\WINDOWS\WinSxS\amd64_microsoft.windows.common-controls_6595b64144ccf1df_6.0.22621.1635_none_270f70857386168e\COMCTL32.dll
0x00007ffb23a60000 - 0x00007ffb23a89000 	C:\WINDOWS\System32\GDI32.dll
0x00007ffb21a80000 - 0x00007ffb21b99000 	C:\WINDOWS\System32\gdi32full.dll
0x00007ffb219e0000 - 0x00007ffb21a7a000 	C:\WINDOWS\System32\msvcp_win.dll
0x00007ffb125c0000 - 0x00007ffb125ca000 	C:\WINDOWS\SYSTEM32\VERSION.dll
0x00007ffb23e30000 - 0x00007ffb23e61000 	C:\WINDOWS\System32\IMM32.DLL
0x00007ffae0440000 - 0x00007ffae04db000 	C:\Program Files\Java\jdk-11.0.14\bin\msvcp140.dll
0x00007ffab1ea0000 - 0x00007ffab29b6000 	C:\Program Files\Java\jdk-11.0.14\bin\server\jvm.dll
0x00007ffb22820000 - 0x00007ffb22828000 	C:\WINDOWS\System32\PSAPI.DLL
0x00007ffaff710000 - 0x00007ffaff719000 	C:\WINDOWS\SYSTEM32\WSOCK32.dll
0x00007ffb18e40000 - 0x00007ffb18e74000 	C:\WINDOWS\SYSTEM32\WINMM.dll
0x00007ffb230a0000 - 0x00007ffb23111000 	C:\WINDOWS\System32\WS2_32.dll
0x00007ffb20580000 - 0x00007ffb20598000 	C:\WINDOWS\SYSTEM32\kernel.appcore.dll
0x00007ffb021d0000 - 0x00007ffb021e0000 	C:\Program Files\Java\jdk-11.0.14\bin\verify.dll
0x00007ffb08760000 - 0x00007ffb0898e000 	C:\WINDOWS\SYSTEM32\DBGHELP.DLL
0x00007ffb220c0000 - 0x00007ffb22449000 	C:\WINDOWS\System32\combase.dll
0x00007ffb237c0000 - 0x00007ffb23897000 	C:\WINDOWS\System32\OLEAUT32.dll
0x00007ffb068d0000 - 0x00007ffb06902000 	C:\WINDOWS\SYSTEM32\dbgcore.DLL
0x00007ffb21490000 - 0x00007ffb2150a000 	C:\WINDOWS\System32\bcryptPrimitives.dll
0x00007ffb02190000 - 0x00007ffb021b8000 	C:\Program Files\Java\jdk-11.0.14\bin\java.dll
0x00007ffb014c0000 - 0x00007ffb014ca000 	C:\Program Files\Java\jdk-11.0.14\bin\jimage.dll
0x00007ffae6320000 - 0x00007ffae6336000 	C:\Program Files\Java\jdk-11.0.14\bin\zip.dll
0x00007ffb22830000 - 0x00007ffb23029000 	C:\WINDOWS\System32\SHELL32.dll
0x00007ffb1f430000 - 0x00007ffb1fcfe000 	C:\WINDOWS\SYSTEM32\windows.storage.dll
0x00007ffb1f2f0000 - 0x00007ffb1f42e000 	C:\WINDOWS\SYSTEM32\wintypes.dll
0x00007ffb23960000 - 0x00007ffb23a51000 	C:\WINDOWS\System32\SHCORE.dll
0x00007ffb23dd0000 - 0x00007ffb23e2e000 	C:\WINDOWS\System32\shlwapi.dll
0x00007ffb213c0000 - 0x00007ffb213e6000 	C:\WINDOWS\SYSTEM32\profapi.dll
0x00007ffae6300000 - 0x00007ffae6319000 	C:\Program Files\Java\jdk-11.0.14\bin\net.dll
0x00007ffb19c80000 - 0x00007ffb19db7000 	C:\WINDOWS\SYSTEM32\WINHTTP.dll
0x00007ffb20a00000 - 0x00007ffb20a69000 	C:\WINDOWS\system32\mswsock.dll
0x00007ffae62b0000 - 0x00007ffae62c2000 	C:\Program Files\Java\jdk-11.0.14\bin\nio.dll

dbghelp: loaded successfully - version: 4.0.5 - missing functions: none
symbol engine: initialized successfully - sym options: 0x614 - pdb path: .;C:\Program Files\Java\jdk-11.0.14\bin;C:\WINDOWS\SYSTEM32;C:\WINDOWS\WinSxS\amd64_microsoft.windows.common-controls_6595b64144ccf1df_6.0.22621.1635_none_270f70857386168e;C:\Program Files\Java\jdk-11.0.14\bin\server

VM Arguments:
java_command: org.jetbrains.kotlin.cli.jvm.K2JVMCompiler @C:\Users\user\AndroidStudioProjects\Pitjarus\TokoApp\app\build\20230806_14537545702607930374.compiler.options
java_class_path (initial): C:\Users\user\.gradle\caches\modules-2\files-2.1\org.jetbrains.kotlin\kotlin-compiler-embeddable\1.8.20\78d9baa57f65babf9e0a93e51f62f26f5f35ac3e\kotlin-compiler-embeddable-1.8.20.jar;C:\Users\user\.gradle\caches\modules-2\files-2.1\org.jetbrains.kotlin\kotlin-stdlib\1.8.20\e72fc5e03ec6c064c678a6bd0d955c88d55b0c4a\kotlin-stdlib-1.8.20.jar;C:\Users\user\.gradle\caches\modules-2\files-2.1\org.jetbrains.kotlin\kotlin-script-runtime\1.8.20\c850771e723701f9d63dbcf641429c0f29290074\kotlin-script-runtime-1.8.20.jar;C:\Users\user\.gradle\caches\modules-2\files-2.1\org.jetbrains.kotlin\kotlin-reflect\1.6.10\1cbe9c92c12a94eea200d23c2bbaedaf3daf5132\kotlin-reflect-1.6.10.jar;C:\Users\user\.gradle\caches\modules-2\files-2.1\org.jetbrains.kotlin\kotlin-daemon-embeddable\1.8.20\c1b808fbe5fee60bd0504a54778120ef40f383d4\kotlin-daemon-embeddable-1.8.20.jar;C:\Users\user\.gradle\caches\modules-2\files-2.1\org.jetbrains.intellij.deps\trove4j\1.0.20200330\3afb14d5f9ceb459d724e907a21145e8ff394f02\trove4j-1.0.20200330.jar;C:\Users\user\.gradle\caches\modules-2\files-2.1\net.java.dev.jna\jna\5.6.0\330f2244e9030119ab3030fc3fededc86713d9cc\jna-5.6.0.jar;C:\Users\user\.gradle\caches\modules-2\files-2.1\org.jetbrains.kotlin\kotlin-stdlib-common\1.8.20\5eddaaf234c8c49d03eebeb6a14feb7f90faca71\kotlin-stdlib-common-1.8.20.jar;C:\Users\user\.gradle\caches\modules-2\files-2.1\org.jetbrains\annotations\13.0\919f0dfe192fb4e063e7dacadee7f8bb9a2672a9\annotations-13.0.jar
Launcher Type: SUN_STANDARD

[Global flags]
     intx CICompilerCount                          = 4                                         {product} {ergonomic}
     uint ConcGCThreads                            = 2                                         {product} {ergonomic}
     uint G1ConcRefinementThreads                  = 8                                         {product} {ergonomic}
   size_t G1HeapRegionSize                         = 1048576                                   {product} {ergonomic}
    uintx GCDrainStackTargetSize                   = 64                                        {product} {ergonomic}
   size_t InitialHeapSize                          = 199229440                                 {product} {ergonomic}
   size_t MarkStackSize                            = 4194304                                   {product} {ergonomic}
   size_t MaxHeapSize                              = 3181379584                                {product} {ergonomic}
   size_t MaxNewSize                               = 1908408320                                {product} {ergonomic}
   size_t MinHeapDeltaBytes                        = 1048576                                   {product} {ergonomic}
    uintx NonNMethodCodeHeapSize                   = 5836300                                {pd product} {ergonomic}
    uintx NonProfiledCodeHeapSize                  = 122910970                              {pd product} {ergonomic}
    uintx ProfiledCodeHeapSize                     = 122910970                              {pd product} {ergonomic}
    uintx ReservedCodeCacheSize                    = 251658240                              {pd product} {ergonomic}
     bool SegmentedCodeCache                       = true                                      {product} {ergonomic}
     bool UseCompressedClassPointers               = true                                 {lp64_product} {ergonomic}
     bool UseCompressedOops                        = true                                 {lp64_product} {ergonomic}
     bool UseG1GC                                  = true                                      {product} {ergonomic}
     bool UseLargePagesIndividualAllocation        = false                                  {pd product} {ergonomic}

Logging:
Log output configuration:
 #0: stdout all=warning uptime,level,tags
 #1: stderr all=off uptime,level,tags

Environment Variables:
JAVA_HOME=C:\Program Files\Java\jdk-11.0.14
PATH=C:\Program Files\Common Files\Oracle\Java\javapath;C:\ProgramData\Oracle\Java\javapath;C:\Program Files (x86)\Intel\Intel(R) Management Engine Components\iCLS\;C:\Program Files\Intel\Intel(R) Management Engine Components\iCLS\;C:\Windows\system32;C:\Windows;C:\Windows\System32\Wbem;C:\Windows\System32\WindowsPowerShell\v1.0\;C:\Windows\System32\OpenSSH\;C:\Program Files (x86)\NVIDIA Corporation\PhysX\Common;C:\Program Files\Intel\WiFi\bin\;C:\Program Files\Common Files\Intel\WirelessCommon\;C:\Program Files (x86)\Intel\Intel(R) Management Engine Components\DAL;C:\Program Files\Intel\Intel(R) Management Engine Components\DAL;C:\Program Files (x86)\Intel\Intel(R) Management Engine Components\IPT;C:\Program Files\Intel\Intel(R) Management Engine Components\IPT;C:\WINDOWS\system32;C:\WINDOWS;C:\WINDOWS\System32\Wbem;C:\WINDOWS\System32\WindowsPowerShell\v1.0\;C:\WINDOWS\System32\OpenSSH\;C:\Program Files\Java\jdk-13.0.2\bin;C:\Program Files\Java\jdk-15.0.2\bin;C:\Program Files\Java\jdk1.8.0_111\bin;C:\WINDOWS\system32;C:\WINDOWS;C:\WINDOWS\System32\Wbem;C:\WINDOWS\System32\WindowsPowerShell\v1.0\;C:\WINDOWS\System32\OpenSSH\;C:\Program Files\Gradle\gradle-6.6\bin;C:\Program Files\Git\cmd;C:\Users\user\AppData\Local\Android\Sdk\platform-tools;C:\Program Files\Microsoft SQL Server\150\Tools\Binn\;C:\Program Files\Microsoft SQL Server\Client SDK\ODBC\170\Tools\Binn\;C:\Program Files\dotnet\;C:\Users\user\AppData\Local\Microsoft\WindowsApps;C:\Users\user\AppData\Local\GitHubDesktop\bin;C:\Users\user\AppData\Local\Programs\Microsoft VS Code\bin;C:\Users\user\FlutterDeveloper\flutter\bin;C:\Users\user\.dotnet\tools;
USERNAME=user
OS=Windows_NT
PROCESSOR_IDENTIFIER=Intel64 Family 6 Model 158 Stepping 10, GenuineIntel



---------------  S Y S T E M  ---------------

OS: Windows 11 , 64 bit Build 22621 (10.0.22621.1928)
Hyper-V role detected

CPU:total 8 (initial active 8) (4 cores per cpu, 2 threads per core) family 6 model 158 stepping 10 microcode 0xde, cmov, cx8, fxsr, mmx, sse, sse2, sse3, ssse3, sse4.1, sse4.2, popcnt, avx, avx2, aes, clmul, erms, 3dnowpref, lzcnt, ht, tsc, tscinvbit, bmi1, bmi2, adx, fma

Memory: 4k page, system-wide physical 12135M (596M free)
TotalPageFile size 22135M (AvailPageFile size 0M)
current process WorkingSet (physical memory assigned to process): 142M, peak: 142M
current process commit charge ("private bytes"): 319M, peak: 319M

vm_info: Java HotSpot(TM) 64-Bit Server VM (11.0.14+8-LTS-263) for windows-amd64 JRE (11.0.14+8-LTS-263), built on Dec  7 2021 21:53:57 by "mach5one" with MS VC++ 15.9 (VS2017)

END.
